<?xml version="1.0" encoding="UTF-8"?>
<!-- Generated by org.testng.reporters.JUnitReportReporter -->
<testsuite hostname="LAPTOP-6342DMDT" failures="0" tests="1" name="testcase.SignIn" time="44.543" errors="0" timestamp="2024-01-27T16:07:19 IST" skipped="0">
  <testcase classname="testcase.SignIn" name="signInTest" time="44.543"/>
</testsuite> <!-- testcase.SignIn -->
